<?xml version="1.0" encoding="UTF-8"?>
<!-- Generated by org.testng.reporters.JUnitReportReporter -->
<testsuite hostname="TYSS-Intiyaz" failures="0" tests="1" name="com.ty.shoppersstack.test.VerifyUserAbleToAddProductToCart" time="64.227" errors="0" timestamp="14 Jun 2023 06:30:58 GMT">
  <testcase classname="com.ty.shoppersstack.test.VerifyUserAbleToAddProductToCart" name="verifyUserAbleToAddProductToCart" time="64.227"/>
</testsuite> <!-- com.ty.shoppersstack.test.VerifyUserAbleToAddProductToCart -->
