<?xml version="1.0" encoding="UTF-8"?>
<!-- Generated by org.testng.reporters.JUnitReportReporter -->
<testsuite hostname="TYSS-Intiyaz" failures="0" tests="1" name="com.ty.shoppersstack.test.VerifyUserAbleToDeleteAddress" time="34.729" errors="0" timestamp="12 Jun 2023 07:15:37 GMT">
  <testcase classname="com.ty.shoppersstack.test.VerifyUserAbleToDeleteAddress" name="verifyUserAbleToUpdateAddress" time="34.729"/>
</testsuite> <!-- com.ty.shoppersstack.test.VerifyUserAbleToDeleteAddress -->
