<?xml version="1.0" encoding="UTF-8"?>
<!-- Generated by org.testng.reporters.JUnitReportReporter -->
<testsuite hostname="TYSS-Intiyaz" failures="0" tests="1" name="com.ty.shoppersstack.test.VerifyUserAbleToSelectMultipleCategories" time="44.580" errors="0" timestamp="12 Jun 2023 04:34:46 GMT">
  <testcase classname="com.ty.shoppersstack.test.VerifyUserAbleToSelectMultipleCategories" name="verifyUserAbleToSelectMultipleCategories" time="44.580"/>
</testsuite> <!-- com.ty.shoppersstack.test.VerifyUserAbleToSelectMultipleCategories -->
