<?xml version="1.0" encoding="UTF-8"?>
<!-- Generated by org.testng.reporters.JUnitReportReporter -->
<testsuite hostname="TYSS-Intiyaz" failures="0" tests="1" name="com.ty.shoppersstack.test.VerifyUserAbleToCreateProfiles" time="108.039" errors="0" timestamp="14 Jun 2023 09:18:07 GMT">
  <testcase classname="com.ty.shoppersstack.test.VerifyUserAbleToCreateProfiles" name="verifyUserAbleToCreateProfiles" time="108.039"/>
</testsuite> <!-- com.ty.shoppersstack.test.VerifyUserAbleToCreateProfiles -->
