<?xml version="1.0" encoding="UTF-8"?>
<!-- Generated by org.testng.reporters.JUnitReportReporter -->
<testsuite hostname="TYSS-Intiyaz" failures="0" tests="1" name="com.ty.shoppersstack.test.VerifyUserAbleToCreateCoupon" time="79.411" errors="0" timestamp="14 Jun 2023 12:15:04 GMT">
  <testcase classname="com.ty.shoppersstack.test.VerifyUserAbleToCreateCoupon" name="verifyUserAbleToAddProductToCart" time="79.411"/>
</testsuite> <!-- com.ty.shoppersstack.test.VerifyUserAbleToCreateCoupon -->
