<?xml version="1.0" encoding="UTF-8"?>
<!-- Generated by org.testng.reporters.JUnitReportReporter -->
<testsuite hostname="TYSS-Intiyaz" failures="0" tests="1" name="com.ty.shoppersstack.test.VerifyUserAbleToSearchCoupon" time="59.197" errors="0" timestamp="14 Jun 2023 12:53:45 GMT">
  <testcase classname="com.ty.shoppersstack.test.VerifyUserAbleToSearchCoupon" name="verifyUserAbleToSearchCoupon" time="59.197"/>
</testsuite> <!-- com.ty.shoppersstack.test.VerifyUserAbleToSearchCoupon -->
