<?xml version="1.0" encoding="UTF-8"?>
<!-- Generated by org.testng.reporters.JUnitReportReporter -->
<testsuite hostname="TYSS-Intiyaz" failures="0" tests="1" name="com.ty.shoppersstack.test.VerifyUserAbleToEditProfile" time="63.933" errors="0" timestamp="7 Jun 2023 09:15:31 GMT">
  <testcase classname="com.ty.shoppersstack.test.VerifyUserAbleToEditProfile" name="verifyUserIsAbleToEditProfile" time="63.933"/>
</testsuite> <!-- com.ty.shoppersstack.test.VerifyUserAbleToEditProfile -->
