<?xml version="1.0" encoding="UTF-8"?>
<!-- Generated by org.testng.reporters.JUnitReportReporter -->
<testsuite hostname="TYSS-Intiyaz" failures="0" tests="1" name="com.ty.shoppersstack.test.VerifyUserAbleToSearchProduct" time="55.622" errors="0" timestamp="12 Jun 2023 05:15:14 GMT">
  <testcase classname="com.ty.shoppersstack.test.VerifyUserAbleToSearchProduct" name="verifyUserAbleToViewOrderedProduct" time="55.622"/>
</testsuite> <!-- com.ty.shoppersstack.test.VerifyUserAbleToSearchProduct -->
