<?xml version="1.0" encoding="UTF-8"?>
<!-- Generated by org.testng.reporters.JUnitReportReporter -->
<testsuite hostname="TYSS-Intiyaz" failures="0" tests="1" name="com.ty.shoppersstack.test.VerifyUserAbleToPlaceOrderFromNetbanking" time="107.151" errors="0" timestamp="15 Jun 2023 07:10:03 GMT">
  <testcase classname="com.ty.shoppersstack.test.VerifyUserAbleToPlaceOrderFromNetbanking" name="verifyUserAbleToPlaceOrderFromNetbanking" time="107.151"/>
</testsuite> <!-- com.ty.shoppersstack.test.VerifyUserAbleToPlaceOrderFromNetbanking -->
