<?xml version="1.0" encoding="UTF-8"?>
<!-- Generated by org.testng.reporters.JUnitReportReporter -->
<testsuite hostname="TYSS-Intiyaz" failures="0" tests="1" name="com.ty.shoppersstack.test.VerifyUserAbleToUpdateAddress" time="84.310" errors="0" timestamp="12 Jun 2023 06:46:48 GMT">
  <testcase classname="com.ty.shoppersstack.test.VerifyUserAbleToUpdateAddress" name="verifyUserAbleToUpdateAddress" time="84.310"/>
</testsuite> <!-- com.ty.shoppersstack.test.VerifyUserAbleToUpdateAddress -->
