<?xml version="1.0" encoding="UTF-8"?>
<!-- Generated by org.testng.reporters.JUnitReportReporter -->
<testsuite hostname="TYSS-Intiyaz" failures="0" tests="1" name="com.ty.shoppersstack.test.VerifyUserAbleToViewOrderedProduct" time="98.091" errors="0" timestamp="9 Jun 2023 05:58:38 GMT">
  <testcase classname="com.ty.shoppersstack.test.VerifyUserAbleToViewOrderedProduct" name="verifyUserAbleToViewOrderedProduct" time="98.091"/>
</testsuite> <!-- com.ty.shoppersstack.test.VerifyUserAbleToViewOrderedProduct -->
