<?xml version="1.0" encoding="UTF-8"?>
<!-- Generated by org.testng.reporters.JUnitReportReporter -->
<testsuite hostname="TYSS-Intiyaz" failures="0" tests="1" name="com.ty.shoppersstack.test.VerifyUserAbleToDeleteLikedProduct" time="96.093" errors="0" timestamp="15 Jun 2023 06:38:36 GMT">
  <testcase classname="com.ty.shoppersstack.test.VerifyUserAbleToDeleteLikedProduct" name="verifyUserAbleToDeleteLikedProduct" time="96.093"/>
</testsuite> <!-- com.ty.shoppersstack.test.VerifyUserAbleToDeleteLikedProduct -->
