<?xml version="1.0" encoding="UTF-8"?>
<!-- Generated by org.testng.reporters.JUnitReportReporter -->
<testsuite hostname="TYSS-Intiyaz" failures="0" tests="1" name="com.ty.shoppersstack.test.VerifyUserAbleToLoginLogout" time="36.034" errors="0" timestamp="14 Jun 2023 04:32:05 GMT">
  <testcase classname="com.ty.shoppersstack.test.VerifyUserAbleToLoginLogout" name="verifyLoginLogout" time="36.034"/>
</testsuite> <!-- com.ty.shoppersstack.test.VerifyUserAbleToLoginLogout -->
