<?xml version="1.0" encoding="UTF-8"?>
<!-- Generated by org.testng.reporters.JUnitReportReporter -->
<testsuite hostname="TYSS-Intiyaz" failures="0" tests="1" name="com.ty.shoppersstack.test.VerifyUserAbleToCancelOrder" time="64.859" errors="0" timestamp="12 Jun 2023 10:11:19 GMT">
  <testcase classname="com.ty.shoppersstack.test.VerifyUserAbleToCancelOrder" name="verifyUserAbleToCancelOrder" time="64.859"/>
</testsuite> <!-- com.ty.shoppersstack.test.VerifyUserAbleToCancelOrder -->
