<?xml version="1.0" encoding="UTF-8"?>
<!-- Generated by org.testng.reporters.JUnitReportReporter -->
<testsuite hostname="TYSS-Intiyaz" failures="0" tests="1" name="com.ty.shoppersstack.test.VerifyUserAbleToAddProductToWishList" time="32.846" errors="0" timestamp="14 Jun 2023 06:47:27 GMT">
  <testcase classname="com.ty.shoppersstack.test.VerifyUserAbleToAddProductToWishList" name="verifyUserAbleToRemoveProductFromCart" time="32.846"/>
</testsuite> <!-- com.ty.shoppersstack.test.VerifyUserAbleToAddProductToWishList -->
